<?xml version="1.0" encoding="UTF-8"?>
<!-- Generated by org.testng.reporters.JUnitReportReporter -->
<testsuite skipped="0" hostname="Kanwar07" name="com.adminnc.qa.tests.NCLoginTest" tests="1" failures="0" timestamp="02 Nov 2021 05:56:03 GMT" time="11.561" errors="0">
  <testcase name="doLoginTest" time="11.561" classname="com.adminnc.qa.tests.NCLoginTest"/>
</testsuite> <!-- com.adminnc.qa.tests.NCLoginTest -->
