<?xml version="1.0" encoding="UTF-8"?>
<!-- Generated by org.testng.reporters.JUnitReportReporter -->
<testsuite skipped="0" hostname="Kanwar07" name="com.adminnc.qa.Base.NCBaseTest" tests="1" failures="0" timestamp="28 Oct 2021 05:10:01 GMT" time="8.577" errors="0">
  <testcase name="Setup" time="8.577" classname="com.adminnc.qa.Base.NCBaseTest"/>
</testsuite> <!-- com.adminnc.qa.Base.NCBaseTest -->
