<?xml version="1.0" encoding="UTF-8"?>
<!-- Generated by org.testng.reporters.JUnitReportReporter -->
<testsuite hostname="Kanwar07" failures="0" tests="1" name="com.adminnc.qa.tests.NCLoginTest" time="10.771" errors="0" timestamp="02 Nov 2021 06:25:31 GMT" skipped="0">
  <testcase classname="com.adminnc.qa.tests.NCLoginTest" name="doLoginTest" time="10.771"/>
</testsuite> <!-- com.adminnc.qa.tests.NCLoginTest -->
